  [1m[35m (523.4ms)[0m  [1m[35mCREATE DATABASE "Blog_App_development" ENCODING = 'unicode'[0m
  [1m[35m (526.4ms)[0m  [1m[35mCREATE DATABASE "Blog_App_test" ENCODING = 'unicode'[0m
  [1m[35m (26.4ms)[0m  [1m[35mCREATE TABLE "schema_migrations" ("version" character varying NOT NULL PRIMARY KEY)[0m
  [1m[35m (4.4ms)[0m  [1m[35mCREATE TABLE "ar_internal_metadata" ("key" character varying NOT NULL PRIMARY KEY, "value" character varying, "created_at" timestamp(6) NOT NULL, "updated_at" timestamp(6) NOT NULL)[0m
  [1m[35m (1.6ms)[0m  [1m[34mSELECT pg_try_advisory_lock(6406220301554720640)[0m
  [1m[36mActiveRecord::SchemaMigration Pluck (1.2ms)[0m  [1m[34mSELECT "schema_migrations"."version" FROM "schema_migrations" ORDER BY "schema_migrations"."version" ASC[0m
Migrating to CreateUser (20220913194709)
  [1m[36mTRANSACTION (0.2ms)[0m  [1m[35mBEGIN[0m
  [1m[35m (8.9ms)[0m  [1m[35mCREATE TABLE "users" ("id" bigserial primary key, "name" character varying, "bio" character varying, "created_at" timestamp(6) NOT NULL, "updated_at" timestamp(6) NOT NULL)[0m
  [1m[36mActiveRecord::SchemaMigration Create (0.6ms)[0m  [1m[32mINSERT INTO "schema_migrations" ("version") VALUES ($1) RETURNING "version"[0m  [["version", "20220913194709"]]
  [1m[36mTRANSACTION (0.4ms)[0m  [1m[35mCOMMIT[0m
Migrating to AddDetailsToUser (20220913194801)
  [1m[36mTRANSACTION (0.3ms)[0m  [1m[35mBEGIN[0m
  [1m[35m (0.7ms)[0m  [1m[35mALTER TABLE "users" ADD "photo" character varying[0m
  [1m[35m (4.4ms)[0m  [1m[35mALTER TABLE "users" ADD "post_counter" integer[0m
  [1m[36mActiveRecord::SchemaMigration Create (0.3ms)[0m  [1m[32mINSERT INTO "schema_migrations" ("version") VALUES ($1) RETURNING "version"[0m  [["version", "20220913194801"]]
  [1m[36mTRANSACTION (0.3ms)[0m  [1m[35mCOMMIT[0m
Migrating to CreateComment (20220913194826)
  [1m[36mTRANSACTION (0.3ms)[0m  [1m[35mBEGIN[0m
  [1m[35m (6.0ms)[0m  [1m[35mCREATE TABLE "comments" ("id" bigserial primary key, "text" character varying, "created_at" timestamp(6) NOT NULL, "updated_at" timestamp(6) NOT NULL)[0m
  [1m[36mActiveRecord::SchemaMigration Create (0.4ms)[0m  [1m[32mINSERT INTO "schema_migrations" ("version") VALUES ($1) RETURNING "version"[0m  [["version", "20220913194826"]]
  [1m[36mTRANSACTION (0.5ms)[0m  [1m[35mCOMMIT[0m
Migrating to CreateLike (20220913194845)
  [1m[36mTRANSACTION (0.4ms)[0m  [1m[35mBEGIN[0m
  [1m[35m (3.6ms)[0m  [1m[35mCREATE TABLE "likes" ("id" bigserial primary key, "created_at" timestamp(6) NOT NULL, "updated_at" timestamp(6) NOT NULL)[0m
  [1m[36mActiveRecord::SchemaMigration Create (0.3ms)[0m  [1m[32mINSERT INTO "schema_migrations" ("version") VALUES ($1) RETURNING "version"[0m  [["version", "20220913194845"]]
  [1m[36mTRANSACTION (0.4ms)[0m  [1m[35mCOMMIT[0m
Migrating to CreatePost (20220913194933)
  [1m[36mTRANSACTION (0.5ms)[0m  [1m[35mBEGIN[0m
  [1m[35m (6.7ms)[0m  [1m[35mCREATE TABLE "posts" ("id" bigserial primary key, "title" character varying, "text" character varying, "comments_counter" integer, "likes_counter" integer, "created_at" timestamp(6) NOT NULL, "updated_at" timestamp(6) NOT NULL)[0m
  [1m[36mActiveRecord::SchemaMigration Create (0.3ms)[0m  [1m[32mINSERT INTO "schema_migrations" ("version") VALUES ($1) RETURNING "version"[0m  [["version", "20220913194933"]]
  [1m[36mTRANSACTION (0.4ms)[0m  [1m[35mCOMMIT[0m
Migrating to AddUserRefToComment (20220913201619)
  [1m[36mTRANSACTION (0.3ms)[0m  [1m[35mBEGIN[0m
  [1m[35m (0.5ms)[0m  [1m[35mALTER TABLE "comments" ADD "user_id" bigint NOT NULL[0m
  [1m[35m (1.8ms)[0m  [1m[35mCREATE INDEX "index_comments_on_user_id" ON "comments" ("user_id")[0m
  [1m[35m (5.0ms)[0m  [1m[35mALTER TABLE "comments" ADD CONSTRAINT "fk_rails_03de2dc08c"
FOREIGN KEY ("user_id")
  REFERENCES "users" ("id")
[0m
  [1m[36mActiveRecord::SchemaMigration Create (0.2ms)[0m  [1m[32mINSERT INTO "schema_migrations" ("version") VALUES ($1) RETURNING "version"[0m  [["version", "20220913201619"]]
  [1m[36mTRANSACTION (0.3ms)[0m  [1m[35mCOMMIT[0m
Migrating to AddUserRefToLike (20220913201638)
  [1m[36mTRANSACTION (0.3ms)[0m  [1m[35mBEGIN[0m
  [1m[35m (0.5ms)[0m  [1m[35mALTER TABLE "likes" ADD "user_id" bigint NOT NULL[0m
  [1m[35m (1.8ms)[0m  [1m[35mCREATE INDEX "index_likes_on_user_id" ON "likes" ("user_id")[0m
  [1m[35m (1.8ms)[0m  [1m[35mALTER TABLE "likes" ADD CONSTRAINT "fk_rails_1e09b5dabf"
FOREIGN KEY ("user_id")
  REFERENCES "users" ("id")
[0m
  [1m[36mActiveRecord::SchemaMigration Create (0.3ms)[0m  [1m[32mINSERT INTO "schema_migrations" ("version") VALUES ($1) RETURNING "version"[0m  [["version", "20220913201638"]]
  [1m[36mTRANSACTION (0.4ms)[0m  [1m[35mCOMMIT[0m
Migrating to AddUserRefToPost (20220913201648)
  [1m[36mTRANSACTION (0.3ms)[0m  [1m[35mBEGIN[0m
  [1m[35m (0.4ms)[0m  [1m[35mALTER TABLE "posts" ADD "user_id" bigint NOT NULL[0m
  [1m[35m (1.9ms)[0m  [1m[35mCREATE INDEX "index_posts_on_user_id" ON "posts" ("user_id")[0m
  [1m[35m (1.8ms)[0m  [1m[35mALTER TABLE "posts" ADD CONSTRAINT "fk_rails_5b5ddfd518"
FOREIGN KEY ("user_id")
  REFERENCES "users" ("id")
[0m
  [1m[36mActiveRecord::SchemaMigration Create (0.3ms)[0m  [1m[32mINSERT INTO "schema_migrations" ("version") VALUES ($1) RETURNING "version"[0m  [["version", "20220913201648"]]
  [1m[36mTRANSACTION (0.3ms)[0m  [1m[35mCOMMIT[0m
Migrating to AddPostRefToComment (20220913201720)
  [1m[36mTRANSACTION (0.5ms)[0m  [1m[35mBEGIN[0m
  [1m[35m (0.5ms)[0m  [1m[35mALTER TABLE "comments" ADD "post_id" bigint NOT NULL[0m
  [1m[35m (2.0ms)[0m  [1m[35mCREATE INDEX "index_comments_on_post_id" ON "comments" ("post_id")[0m
  [1m[35m (2.1ms)[0m  [1m[35mALTER TABLE "comments" ADD CONSTRAINT "fk_rails_2fd19c0db7"
FOREIGN KEY ("post_id")
  REFERENCES "posts" ("id")
[0m
  [1m[36mActiveRecord::SchemaMigration Create (0.3ms)[0m  [1m[32mINSERT INTO "schema_migrations" ("version") VALUES ($1) RETURNING "version"[0m  [["version", "20220913201720"]]
  [1m[36mTRANSACTION (0.4ms)[0m  [1m[35mCOMMIT[0m
Migrating to AddPostRefToLike (20220913201735)
  [1m[36mTRANSACTION (0.3ms)[0m  [1m[35mBEGIN[0m
  [1m[35m (0.4ms)[0m  [1m[35mALTER TABLE "likes" ADD "post_id" bigint NOT NULL[0m
  [1m[35m (1.8ms)[0m  [1m[35mCREATE INDEX "index_likes_on_post_id" ON "likes" ("post_id")[0m
  [1m[35m (1.7ms)[0m  [1m[35mALTER TABLE "likes" ADD CONSTRAINT "fk_rails_87a8aac469"
FOREIGN KEY ("post_id")
  REFERENCES "posts" ("id")
[0m
  [1m[36mActiveRecord::SchemaMigration Create (0.3ms)[0m  [1m[32mINSERT INTO "schema_migrations" ("version") VALUES ($1) RETURNING "version"[0m  [["version", "20220913201735"]]
  [1m[36mTRANSACTION (0.4ms)[0m  [1m[35mCOMMIT[0m
Migrating to RenameColumnName (20220913203840)
  [1m[36mTRANSACTION (0.3ms)[0m  [1m[35mBEGIN[0m
  [1m[35m (0.3ms)[0m  [1m[35mALTER TABLE "comments" RENAME COLUMN "user_id" TO "author_id"[0m
  [1m[35m (0.3ms)[0m  [1m[35mALTER INDEX "index_comments_on_user_id" RENAME TO "index_comments_on_author_id"[0m
  [1m[35m (0.3ms)[0m  [1m[35mALTER TABLE "likes" RENAME COLUMN "user_id" TO "author_id"[0m
  [1m[35m (0.2ms)[0m  [1m[35mALTER INDEX "index_likes_on_user_id" RENAME TO "index_likes_on_author_id"[0m
  [1m[35m (0.2ms)[0m  [1m[35mALTER TABLE "posts" RENAME COLUMN "user_id" TO "author_id"[0m
  [1m[35m (0.3ms)[0m  [1m[35mALTER INDEX "index_posts_on_user_id" RENAME TO "index_posts_on_author_id"[0m
  [1m[36mActiveRecord::SchemaMigration Create (0.3ms)[0m  [1m[32mINSERT INTO "schema_migrations" ("version") VALUES ($1) RETURNING "version"[0m  [["version", "20220913203840"]]
  [1m[36mTRANSACTION (0.3ms)[0m  [1m[35mCOMMIT[0m
Migrating to ChangeColumnDefault (20220915172514)
  [1m[36mTRANSACTION (0.3ms)[0m  [1m[35mBEGIN[0m
  [1m[35m (0.3ms)[0m  [1m[35mALTER TABLE "users" ALTER COLUMN "post_counter" SET DEFAULT 0[0m
  [1m[35m (0.3ms)[0m  [1m[35mALTER TABLE "posts" ALTER COLUMN "comments_counter" SET DEFAULT 0[0m
  [1m[35m (0.3ms)[0m  [1m[35mALTER TABLE "posts" ALTER COLUMN "likes_counter" SET DEFAULT 0[0m
  [1m[36mActiveRecord::SchemaMigration Create (0.3ms)[0m  [1m[32mINSERT INTO "schema_migrations" ("version") VALUES ($1) RETURNING "version"[0m  [["version", "20220915172514"]]
  [1m[36mTRANSACTION (0.3ms)[0m  [1m[35mCOMMIT[0m
Migrating to AddDeviseToUsers (20220927195402)
  [1m[36mTRANSACTION (0.2ms)[0m  [1m[35mBEGIN[0m
  [1m[35m (0.4ms)[0m  [1m[35mALTER TABLE "users" ADD "email" character varying DEFAULT '' NOT NULL[0m
  [1m[35m (0.3ms)[0m  [1m[35mALTER TABLE "users" ADD "encrypted_password" character varying DEFAULT '' NOT NULL[0m
  [1m[35m (0.2ms)[0m  [1m[35mALTER TABLE "users" ADD "reset_password_token" character varying[0m
  [1m[35m (0.3ms)[0m  [1m[35mALTER TABLE "users" ADD "reset_password_sent_at" timestamp(6)[0m
  [1m[35m (0.3ms)[0m  [1m[35mALTER TABLE "users" ADD "remember_created_at" timestamp(6)[0m
  [1m[35m (0.2ms)[0m  [1m[35mALTER TABLE "users" ADD "confirmation_token" character varying[0m
  [1m[35m (0.2ms)[0m  [1m[35mALTER TABLE "users" ADD "confirmed_at" timestamp(6)[0m
  [1m[35m (0.2ms)[0m  [1m[35mALTER TABLE "users" ADD "confirmation_sent_at" timestamp(6)[0m
  [1m[35m (0.3ms)[0m  [1m[35mALTER TABLE "users" ADD "unconfirmed_email" character varying[0m
  [1m[35m (2.1ms)[0m  [1m[35mCREATE UNIQUE INDEX "index_users_on_email" ON "users" ("email")[0m
  [1m[35m (1.7ms)[0m  [1m[35mCREATE UNIQUE INDEX "index_users_on_reset_password_token" ON "users" ("reset_password_token")[0m
  [1m[35m (1.9ms)[0m  [1m[35mCREATE UNIQUE INDEX "index_users_on_confirmation_token" ON "users" ("confirmation_token")[0m
  [1m[36mActiveRecord::SchemaMigration Create (0.3ms)[0m  [1m[32mINSERT INTO "schema_migrations" ("version") VALUES ($1) RETURNING "version"[0m  [["version", "20220927195402"]]
  [1m[36mTRANSACTION (0.3ms)[0m  [1m[35mCOMMIT[0m
  [1m[36mActiveRecord::InternalMetadata Load (0.9ms)[0m  [1m[34mSELECT "ar_internal_metadata".* FROM "ar_internal_metadata" WHERE "ar_internal_metadata"."key" = $1 LIMIT $2[0m  [["key", "environment"], ["LIMIT", 1]]
  [1m[36mTRANSACTION (0.2ms)[0m  [1m[35mBEGIN[0m
  [1m[36mActiveRecord::InternalMetadata Create (0.9ms)[0m  [1m[32mINSERT INTO "ar_internal_metadata" ("key", "value", "created_at", "updated_at") VALUES ($1, $2, $3, $4) RETURNING "key"[0m  [["key", "environment"], ["value", "development"], ["created_at", "2022-10-07 05:17:18.510438"], ["updated_at", "2022-10-07 05:17:18.510438"]]
  [1m[36mTRANSACTION (0.3ms)[0m  [1m[35mCOMMIT[0m
  [1m[35m (0.3ms)[0m  [1m[34mSELECT pg_advisory_unlock(6406220301554720640)[0m
  [1m[36mActiveRecord::SchemaMigration Pluck (1.6ms)[0m  [1m[34mSELECT "schema_migrations"."version" FROM "schema_migrations" ORDER BY "schema_migrations"."version" ASC[0m
Started GET "/" for ::1 at 2022-10-07 06:17:39 +0100
  [1m[36mActiveRecord::SchemaMigration Pluck (1.5ms)[0m  [1m[34mSELECT "schema_migrations"."version" FROM "schema_migrations" ORDER BY "schema_migrations"."version" ASC[0m
Processing by UsersController#index as HTML
  Rendering layout layouts/application.html.erb
  Rendering users/index.html.erb within layouts/application
  Rendered users/index.html.erb within layouts/application (Duration: 7.6ms | Allocations: 999)
  Rendered layout layouts/application.html.erb (Duration: 630.0ms | Allocations: 85129)
Completed 500 Internal Server Error in 697ms (ActiveRecord: 0.0ms | Allocations: 91833)


  
ActionView::Template::Error (Permission denied @ rb_file_s_rename - (C:/Users/edwar/Documents/microverse/module5/Blog_App/tmp/cache/assets/sprockets/v4.0.0/Dh/Dhw7wx2OsiWzyNiNzguLhsqwkhPpzcb3UM-x80zRD9Q.cache.27100.14348.462111, C:/Users/edwar/Documents/microverse/module5/Blog_App/tmp/cache/assets/sprockets/v4.0.0/Dh/Dhw7wx2OsiWzyNiNzguLhsqwkhPpzcb3UM-x80zRD9Q.cache)):
  
sprockets (4.1.1) lib/sprockets/path_utils.rb:362:in `rename'
sprockets (4.1.1) lib/sprockets/path_utils.rb:362:in `atomic_write'
sprockets (4.1.1) lib/sprockets/cache/file_store.rb:112:in `set'
sprockets (4.1.1) lib/sprockets/cache.rb:227:in `set'
sprockets (4.1.1) lib/sprockets/cache.rb:143:in `set'
sprockets (4.1.1) lib/sprockets/loader.rb:263:in `store_asset'
sprockets (4.1.1) lib/sprockets/loader.rb:226:in `load_from_unloaded'
sprockets (4.1.1) lib/sprockets/loader.rb:59:in `block in load'
sprockets (4.1.1) lib/sprockets/loader.rb:337:in `fetch_asset_from_dependency_cache'
sprockets (4.1.1) lib/sprockets/loader.rb:43:in `load'
sprockets (4.1.1) lib/sprockets/cached_environment.rb:44:in `block in load'
sprockets (4.1.1) lib/sprockets/cached_environment.rb:44:in `fetch'
sprockets (4.1.1) lib/sprockets/cached_environment.rb:44:in `load'
sprockets (4.1.1) lib/sprockets/bundle.rb:27:in `call'
sprockets (4.1.1) lib/sprockets/processor_utils.rb:84:in `call_processor'
sprockets (4.1.1) lib/sprockets/processor_utils.rb:66:in `block in call_processors'
sprockets (4.1.1) lib/sprockets/processor_utils.rb:65:in `reverse_each'
sprockets (4.1.1) lib/sprockets/processor_utils.rb:65:in `call_processors'
sprockets (4.1.1) lib/sprockets/loader.rb:182:in `load_from_unloaded'
sprockets (4.1.1) lib/sprockets/loader.rb:59:in `block in load'
sprockets (4.1.1) lib/sprockets/loader.rb:337:in `fetch_asset_from_dependency_cache'
sprockets (4.1.1) lib/sprockets/loader.rb:43:in `load'
sprockets (4.1.1) lib/sprockets/cached_environment.rb:44:in `block in load'
sprockets (4.1.1) lib/sprockets/cached_environment.rb:44:in `fetch'
sprockets (4.1.1) lib/sprockets/cached_environment.rb:44:in `load'
sprockets (4.1.1) lib/sprockets/bundle.rb:32:in `block in call'
C:/Ruby31-x64/lib/ruby/3.1.0/set.rb:511:in `each_key'
C:/Ruby31-x64/lib/ruby/3.1.0/set.rb:511:in `each'
sprockets (4.1.1) lib/sprockets/bundle.rb:31:in `call'
sprockets (4.1.1) lib/sprockets/processor_utils.rb:84:in `call_processor'
sprockets (4.1.1) lib/sprockets/processor_utils.rb:66:in `block in call_processors'
sprockets (4.1.1) lib/sprockets/processor_utils.rb:65:in `reverse_each'
sprockets (4.1.1) lib/sprockets/processor_utils.rb:65:in `call_processors'
sprockets (4.1.1) lib/sprockets/loader.rb:182:in `load_from_unloaded'
sprockets (4.1.1) lib/sprockets/loader.rb:59:in `block in load'
sprockets (4.1.1) lib/sprockets/loader.rb:337:in `fetch_asset_from_dependency_cache'
sprockets (4.1.1) lib/sprockets/loader.rb:43:in `load'
sprockets (4.1.1) lib/sprockets/cached_environment.rb:44:in `block in load'
sprockets (4.1.1) lib/sprockets/cached_environment.rb:44:in `fetch'
sprockets (4.1.1) lib/sprockets/cached_environment.rb:44:in `load'
sprockets (4.1.1) lib/sprockets/base.rb:81:in `find_asset'
sprockets (4.1.1) lib/sprockets/base.rb:88:in `find_all_linked_assets'
sprockets (4.1.1) lib/sprockets/manifest.rb:125:in `each'
sprockets (4.1.1) lib/sprockets/manifest.rb:125:in `to_a'
sprockets (4.1.1) lib/sprockets/manifest.rb:125:in `block (2 levels) in find'
concurrent-ruby (1.1.10) lib/concurrent-ruby/concurrent/executor/safe_task_executor.rb:24:in `block in execute'
concurrent-ruby (1.1.10) lib/concurrent-ruby/concurrent/synchronization/mutex_lockable_object.rb:47:in `block in synchronize'
concurrent-ruby (1.1.10) lib/concurrent-ruby/concurrent/synchronization/mutex_lockable_object.rb:47:in `synchronize'
concurrent-ruby (1.1.10) lib/concurrent-ruby/concurrent/synchronization/mutex_lockable_object.rb:47:in `synchronize'
concurrent-ruby (1.1.10) lib/concurrent-ruby/concurrent/executor/safe_task_executor.rb:22:in `execute'
concurrent-ruby (1.1.10) lib/concurrent-ruby/concurrent/promise.rb:564:in `block in realize'
concurrent-ruby (1.1.10) lib/concurrent-ruby/concurrent/executor/ruby_thread_pool_executor.rb:352:in `run_task'
concurrent-ruby (1.1.10) lib/concurrent-ruby/concurrent/executor/ruby_thread_pool_executor.rb:343:in `block (3 levels) in create_worker'
concurrent-ruby (1.1.10) lib/concurrent-ruby/concurrent/executor/ruby_thread_pool_executor.rb:334:in `loop'
concurrent-ruby (1.1.10) lib/concurrent-ruby/concurrent/executor/ruby_thread_pool_executor.rb:334:in `block (2 levels) in create_worker'
concurrent-ruby (1.1.10) lib/concurrent-ruby/concurrent/executor/ruby_thread_pool_executor.rb:333:in `catch'
concurrent-ruby (1.1.10) lib/concurrent-ruby/concurrent/executor/ruby_thread_pool_executor.rb:333:in `block in create_worker'
Started GET "/users" for ::1 at 2022-10-07 06:18:53 +0100
Processing by UsersController#index as HTML
  Rendering layout layouts/application.html.erb
  Rendering users/index.html.erb within layouts/application
  Rendered users/index.html.erb within layouts/application (Duration: 0.4ms | Allocations: 181)
  Rendered partials/_header.html.erb (Duration: 1.2ms | Allocations: 566)
  Rendered layout layouts/application.html.erb (Duration: 85.2ms | Allocations: 34626)
Completed 200 OK in 89ms (Views: 85.8ms | ActiveRecord: 0.0ms | Allocations: 35014)


Started GET "/users/sign_in" for ::1 at 2022-10-07 06:18:58 +0100
Processing by Devise::SessionsController#new as HTML
  Rendering layout layouts/application.html.erb
  Rendering devise/sessions/new.html.erb within layouts/application
  Rendered devise/sessions/new.html.erb within layouts/application (Duration: 164.5ms | Allocations: 7093)
  Rendered partials/_header.html.erb (Duration: 0.4ms | Allocations: 234)
  Rendered layout layouts/application.html.erb (Duration: 172.7ms | Allocations: 9903)
Completed 200 OK in 219ms (Views: 181.4ms | ActiveRecord: 6.0ms | Allocations: 21416)


Started GET "/" for ::1 at 2022-10-07 06:19:02 +0100
Processing by UsersController#index as HTML
  Rendering layout layouts/application.html.erb
  Rendering users/index.html.erb within layouts/application
  Rendered users/index.html.erb within layouts/application (Duration: 0.7ms | Allocations: 284)
  Rendered partials/_header.html.erb (Duration: 0.5ms | Allocations: 174)
  Rendered layout layouts/application.html.erb (Duration: 11.6ms | Allocations: 2812)
Completed 200 OK in 16ms (Views: 12.3ms | ActiveRecord: 0.0ms | Allocations: 3156)


Started GET "/users/sign_up" for ::1 at 2022-10-07 06:19:05 +0100
Processing by Devise::RegistrationsController#new as HTML
  Rendering layout layouts/application.html.erb
  Rendering devise/registrations/new.html.erb within layouts/application
  Rendered devise/shared/_error_messages.html.erb (Duration: 0.8ms | Allocations: 217)
  Rendered devise/registrations/new.html.erb within layouts/application (Duration: 4.8ms | Allocations: 1833)
  Rendered partials/_header.html.erb (Duration: 0.4ms | Allocations: 229)
  Rendered layout layouts/application.html.erb (Duration: 12.8ms | Allocations: 4605)
Completed 200 OK in 20ms (Views: 17.3ms | ActiveRecord: 0.0ms | Allocations: 5920)


Started GET "/" for ::1 at 2022-10-07 06:19:10 +0100
Processing by UsersController#index as HTML
  Rendering layout layouts/application.html.erb
  Rendering users/index.html.erb within layouts/application
  Rendered users/index.html.erb within layouts/application (Duration: 0.6ms | Allocations: 278)
  Rendered partials/_header.html.erb (Duration: 0.4ms | Allocations: 174)
  Rendered layout layouts/application.html.erb (Duration: 8.5ms | Allocations: 2806)
Completed 200 OK in 12ms (Views: 9.1ms | ActiveRecord: 0.0ms | Allocations: 3124)


Started GET "/" for ::1 at 2022-10-07 06:19:12 +0100
Processing by UsersController#index as HTML
  Rendering layout layouts/application.html.erb
  Rendering users/index.html.erb within layouts/application
  Rendered users/index.html.erb within layouts/application (Duration: 0.7ms | Allocations: 222)
  Rendered partials/_header.html.erb (Duration: 0.4ms | Allocations: 174)
  Rendered layout layouts/application.html.erb (Duration: 14.2ms | Allocations: 2748)
Completed 200 OK in 20ms (Views: 14.9ms | ActiveRecord: 0.0ms | Allocations: 3050)


Started GET "/users/sign_up" for ::1 at 2022-10-07 06:19:14 +0100
Processing by Devise::RegistrationsController#new as HTML
  Rendering layout layouts/application.html.erb
  Rendering devise/registrations/new.html.erb within layouts/application
  Rendered devise/shared/_error_messages.html.erb (Duration: 0.0ms | Allocations: 14)
  Rendered devise/registrations/new.html.erb within layouts/application (Duration: 1.8ms | Allocations: 913)
  Rendered partials/_header.html.erb (Duration: 0.3ms | Allocations: 184)
  Rendered layout layouts/application.html.erb (Duration: 8.4ms | Allocations: 3440)
Completed 200 OK in 14ms (Views: 9.1ms | ActiveRecord: 0.0ms | Allocations: 4053)


Started GET "/users/sign_in" for ::1 at 2022-10-07 06:19:15 +0100
Processing by Devise::SessionsController#new as HTML
  Rendering layout layouts/application.html.erb
  Rendering devise/sessions/new.html.erb within layouts/application
  Rendered devise/sessions/new.html.erb within layouts/application (Duration: 1.2ms | Allocations: 798)
  Rendered partials/_header.html.erb (Duration: 0.4ms | Allocations: 185)
  Rendered layout layouts/application.html.erb (Duration: 8.4ms | Allocations: 3326)
Completed 200 OK in 12ms (Views: 8.9ms | ActiveRecord: 0.0ms | Allocations: 3952)


Started GET "/users/sign_up" for ::1 at 2022-10-07 06:19:16 +0100
Processing by Devise::RegistrationsController#new as HTML
  Rendering layout layouts/application.html.erb
  Rendering devise/registrations/new.html.erb within layouts/application
  Rendered devise/shared/_error_messages.html.erb (Duration: 0.0ms | Allocations: 14)
  Rendered devise/registrations/new.html.erb within layouts/application (Duration: 1.7ms | Allocations: 913)
  Rendered partials/_header.html.erb (Duration: 0.4ms | Allocations: 184)
  Rendered layout layouts/application.html.erb (Duration: 8.9ms | Allocations: 3446)
Completed 200 OK in 12ms (Views: 9.5ms | ActiveRecord: 0.0ms | Allocations: 4017)


Started POST "/users" for ::1 at 2022-10-07 06:20:08 +0100
Processing by Devise::RegistrationsController#create as TURBO_STREAM
  Parameters: {"authenticity_token"=>"[FILTERED]", "user"=>{"name"=>"Chuma", "email"=>"chuma.achike@unn.edu.ng", "password"=>"[FILTERED]", "password_confirmation"=>"[FILTERED]", "bio"=>"A very bad boy", "photo"=>"https://c.tenor.com/uj4Cnt7RVE0AAAAM/fatdog-dog.gif"}, "commit"=>"Sign up"}
  [1m[36mTRANSACTION (0.3ms)[0m  [1m[35mBEGIN[0m
  [1m[36mUser Exists? (3.4ms)[0m  [1m[34mSELECT 1 AS one FROM "users" WHERE "users"."email" = $1 LIMIT $2[0m  [["email", "chuma.achike@unn.edu.ng"], ["LIMIT", 1]]
  [1m[36mUser Create (1.2ms)[0m  [1m[32mINSERT INTO "users" ("name", "bio", "created_at", "updated_at", "photo", "post_counter", "email", "encrypted_password", "reset_password_token", "reset_password_sent_at", "remember_created_at", "confirmation_token", "confirmed_at", "confirmation_sent_at", "unconfirmed_email") VALUES ($1, $2, $3, $4, $5, $6, $7, $8, $9, $10, $11, $12, $13, $14, $15) RETURNING "id"[0m  [["name", "Chuma"], ["bio", "A very bad boy"], ["created_at", "2022-10-07 05:20:08.992181"], ["updated_at", "2022-10-07 05:20:08.992181"], ["photo", "https://c.tenor.com/uj4Cnt7RVE0AAAAM/fatdog-dog.gif"], ["post_counter", 0], ["email", "chuma.achike@unn.edu.ng"], ["encrypted_password", "$2a$12$8WY6uWI7xTBE8xeopXPLU.fKtCBo8VJjoN7d3zaaq4Ur1plpvzaui"], ["reset_password_token", nil], ["reset_password_sent_at", nil], ["remember_created_at", nil], ["confirmation_token", nil], ["confirmed_at", nil], ["confirmation_sent_at", nil], ["unconfirmed_email", nil]]
  [1m[36mTRANSACTION (7.3ms)[0m  [1m[35mCOMMIT[0m
Redirected to http://localhost:3000/users/1
Completed 302 Found in 464ms (ActiveRecord: 12.2ms | Allocations: 11242)


Started GET "/users/1" for ::1 at 2022-10-07 06:20:09 +0100
Processing by UsersController#show as TURBO_STREAM
  Parameters: {"id"=>"1"}
  [1m[36mUser Load (0.6ms)[0m  [1m[34mSELECT "users".* FROM "users" WHERE "users"."id" = $1 ORDER BY "users"."id" ASC LIMIT $2[0m  [["id", 1], ["LIMIT", 1]]
  [1m[36mUser Load (0.4ms)[0m  [1m[34mSELECT "users".* FROM "users" WHERE "users"."id" = $1 LIMIT $2[0m  [["id", 1], ["LIMIT", 1]]
  ↳ app/controllers/users_controller.rb:9:in `show'
  Rendering layout layouts/application.html.erb
  Rendering users/show.html.erb within layouts/application
  Rendered partials/_user_display.html.erb (Duration: 7.6ms | Allocations: 172)
  [1m[36mPost Load (2.4ms)[0m  [1m[34mSELECT "posts".* FROM "posts" WHERE "posts"."author_id" = $1 ORDER BY "posts"."created_at" DESC LIMIT $2[0m  [["author_id", 1], ["LIMIT", 3]]
  ↳ app/models/user.rb:13:in `recent_posts'
  Rendered users/show.html.erb within layouts/application (Duration: 80.2ms | Allocations: 6536)
  Rendered partials/_header.html.erb (Duration: 0.6ms | Allocations: 433)
  Rendered layout layouts/application.html.erb (Duration: 86.9ms | Allocations: 9455)
Completed 200 OK in 100ms (Views: 83.4ms | ActiveRecord: 5.2ms | Allocations: 12872)


Started GET "/users/1/posts/new" for ::1 at 2022-10-07 06:20:15 +0100
  
NameError (undefined local variable or method `params' for PostsController:Class

  @user = User.find(params[:user_id])
                    ^^^^^^):
  
app/controllers/posts_controller.rb:5:in `<class:PostsController>'
app/controllers/posts_controller.rb:1:in `<main>'
Started GET "/users/1/posts/new" for ::1 at 2022-10-07 06:20:21 +0100
  
NameError (undefined local variable or method `params' for PostsController:Class

  @user = User.find(params[:user_id])
                    ^^^^^^):
  
app/controllers/posts_controller.rb:5:in `<class:PostsController>'
app/controllers/posts_controller.rb:1:in `<main>'
Started GET "/" for ::1 at 2022-10-07 06:20:37 +0100
Processing by UsersController#index as HTML
  Rendering layout layouts/application.html.erb
  Rendering users/index.html.erb within layouts/application
  [1m[36mUser Load (0.5ms)[0m  [1m[34mSELECT "users".* FROM "users" WHERE "users"."id" = $1 ORDER BY "users"."id" ASC LIMIT $2[0m  [["id", 1], ["LIMIT", 1]]
  ↳ app/views/users/index.html.erb:1
  [1m[36mUser Load (0.5ms)[0m  [1m[34mSELECT "users".* FROM "users"[0m
  ↳ app/views/users/index.html.erb:2
  Rendered users/index.html.erb within layouts/application (Duration: 6.7ms | Allocations: 1992)
  Rendered partials/_header.html.erb (Duration: 0.6ms | Allocations: 365)
  Rendered layout layouts/application.html.erb (Duration: 21.3ms | Allocations: 4836)
Completed 200 OK in 26ms (Views: 20.9ms | ActiveRecord: 1.0ms | Allocations: 5173)


Started DELETE "/users/sign_out" for ::1 at 2022-10-07 06:20:39 +0100
Processing by Devise::SessionsController#destroy as TURBO_STREAM
  Parameters: {"authenticity_token"=>"[FILTERED]"}
  [1m[36mUser Load (0.5ms)[0m  [1m[34mSELECT "users".* FROM "users" WHERE "users"."id" = $1 ORDER BY "users"."id" ASC LIMIT $2[0m  [["id", 1], ["LIMIT", 1]]
Redirected to http://localhost:3000/
Completed 302 Found in 159ms (ActiveRecord: 0.5ms | Allocations: 12324)


Started GET "/" for ::1 at 2022-10-07 06:20:39 +0100
Processing by UsersController#index as TURBO_STREAM
  Rendering layout layouts/application.html.erb
  Rendering users/index.html.erb within layouts/application
  Rendered users/index.html.erb within layouts/application (Duration: 0.5ms | Allocations: 295)
  Rendered partials/_header.html.erb (Duration: 0.4ms | Allocations: 177)
  Rendered layout layouts/application.html.erb (Duration: 8.3ms | Allocations: 2971)
Completed 200 OK in 11ms (Views: 9.3ms | ActiveRecord: 0.0ms | Allocations: 3313)


Started GET "/users/sign_in" for ::1 at 2022-10-07 06:20:41 +0100
Processing by Devise::SessionsController#new as HTML
  Rendering layout layouts/application.html.erb
  Rendering devise/sessions/new.html.erb within layouts/application
  Rendered devise/sessions/new.html.erb within layouts/application (Duration: 1.5ms | Allocations: 829)
  Rendered partials/_header.html.erb (Duration: 0.6ms | Allocations: 185)
  Rendered layout layouts/application.html.erb (Duration: 9.5ms | Allocations: 3357)
Completed 200 OK in 13ms (Views: 10.1ms | ActiveRecord: 0.0ms | Allocations: 3997)


Started POST "/users/sign_in" for ::1 at 2022-10-07 06:20:48 +0100
Processing by Devise::SessionsController#create as TURBO_STREAM
  Parameters: {"authenticity_token"=>"[FILTERED]", "user"=>{"email"=>"chuma.achike@unn.edu.ng", "password"=>"[FILTERED]", "remember_me"=>"0"}, "commit"=>"Log in"}
  [1m[36mUser Load (0.5ms)[0m  [1m[34mSELECT "users".* FROM "users" WHERE "users"."email" = $1 ORDER BY "users"."id" ASC LIMIT $2[0m  [["email", "chuma.achike@unn.edu.ng"], ["LIMIT", 1]]
Redirected to http://localhost:3000/
Completed 302 Found in 335ms (ActiveRecord: 0.5ms | Allocations: 3129)


Started GET "/" for ::1 at 2022-10-07 06:20:49 +0100
Processing by UsersController#index as TURBO_STREAM
  Rendering layout layouts/application.html.erb
  Rendering users/index.html.erb within layouts/application
  [1m[36mUser Load (0.4ms)[0m  [1m[34mSELECT "users".* FROM "users" WHERE "users"."id" = $1 ORDER BY "users"."id" ASC LIMIT $2[0m  [["id", 1], ["LIMIT", 1]]
  ↳ app/views/users/index.html.erb:1
  [1m[36mUser Load (0.3ms)[0m  [1m[34mSELECT "users".* FROM "users"[0m
  ↳ app/views/users/index.html.erb:2
  Rendered users/index.html.erb within layouts/application (Duration: 4.6ms | Allocations: 1844)
  Rendered partials/_header.html.erb (Duration: 0.4ms | Allocations: 361)
  Rendered layout layouts/application.html.erb (Duration: 11.2ms | Allocations: 4688)
Completed 200 OK in 15ms (Views: 11.0ms | ActiveRecord: 0.7ms | Allocations: 5004)


Started GET "/users/1/posts/new" for ::1 at 2022-10-07 06:20:51 +0100
  
NameError (undefined local variable or method `params' for PostsController:Class

  @user = User.find(params[:user_id])
                    ^^^^^^):
  
app/controllers/posts_controller.rb:5:in `<class:PostsController>'
app/controllers/posts_controller.rb:1:in `<main>'
Started GET "/" for ::1 at 2022-10-07 06:21:38 +0100
Processing by UsersController#index as HTML
  Rendering layout layouts/application.html.erb
  Rendering users/index.html.erb within layouts/application
  [1m[36mUser Load (0.5ms)[0m  [1m[34mSELECT "users".* FROM "users" WHERE "users"."id" = $1 ORDER BY "users"."id" ASC LIMIT $2[0m  [["id", 1], ["LIMIT", 1]]
  ↳ app/views/users/index.html.erb:1
  [1m[36mUser Load (0.5ms)[0m  [1m[34mSELECT "users".* FROM "users"[0m
  ↳ app/views/users/index.html.erb:2
  Rendered users/index.html.erb within layouts/application (Duration: 7.4ms | Allocations: 1798)
  Rendered partials/_header.html.erb (Duration: 0.9ms | Allocations: 356)
  Rendered layout layouts/application.html.erb (Duration: 20.8ms | Allocations: 4505)
Completed 200 OK in 24ms (Views: 20.5ms | ActiveRecord: 0.9ms | Allocations: 4797)


Started GET "/users/edit" for ::1 at 2022-10-07 06:21:41 +0100
Processing by Devise::RegistrationsController#edit as HTML
  [1m[36mUser Load (0.4ms)[0m  [1m[34mSELECT "users".* FROM "users" WHERE "users"."id" = $1 ORDER BY "users"."id" ASC LIMIT $2[0m  [["id", 1], ["LIMIT", 1]]
  Rendering layout layouts/application.html.erb
  Rendering devise/registrations/edit.html.erb within layouts/application
  Rendered devise/shared/_error_messages.html.erb (Duration: 0.0ms | Allocations: 14)
  Rendered devise/registrations/edit.html.erb within layouts/application (Duration: 2.6ms | Allocations: 1619)
  Rendered partials/_header.html.erb (Duration: 0.8ms | Allocations: 365)
  Rendered layout layouts/application.html.erb (Duration: 16.1ms | Allocations: 4339)
Completed 200 OK in 23ms (Views: 17.6ms | ActiveRecord: 0.4ms | Allocations: 6114)


Started GET "/users/1/posts/new" for ::1 at 2022-10-07 06:21:45 +0100
  
NameError (undefined local variable or method `params' for PostsController:Class

  @user = User.find(params[:user_id])
                    ^^^^^^):
  
app/controllers/posts_controller.rb:5:in `<class:PostsController>'
app/controllers/posts_controller.rb:1:in `<main>'
Started GET "/users/1/posts/new" for ::1 at 2022-10-07 06:23:16 +0100
  [1m[36mUser Load (0.4ms)[0m  [1m[34mSELECT "users".* FROM "users" WHERE "users"."id" = $1 LIMIT $2[0m  [["id", 1], ["LIMIT", 1]]
  ↳ app/controllers/posts_controller.rb:5:in `<class:PostsController>'
  
NameError (undefined local variable or method `params' for PostsController:Class

  @page = params.fetch(:page, 1)
          ^^^^^^):
  
app/controllers/posts_controller.rb:6:in `<class:PostsController>'
app/controllers/posts_controller.rb:1:in `<main>'
Started GET "/users/1/posts/new" for ::1 at 2022-10-07 06:23:41 +0100
  
NameError (undefined local variable or method `params' for PostsController:Class

  @user = User.find(params[:user_id])
                    ^^^^^^):
  
app/controllers/posts_controller.rb:5:in `<class:PostsController>'
app/controllers/posts_controller.rb:1:in `<main>'
Started GET "/users/1/posts/new" for ::1 at 2022-10-07 06:30:55 +0100
  
NameError (undefined local variable or method `user' for PostsController:Class

  @user = User.findfind(user.id)
                        ^^^^
Did you mean?  use):
  
app/controllers/posts_controller.rb:5:in `<class:PostsController>'
app/controllers/posts_controller.rb:1:in `<main>'
Started GET "/users/1/posts/new" for ::1 at 2022-10-07 06:31:12 +0100
  
NameError (undefined local variable or method `user' for PostsController:Class

  @user = User.find(user.id)
                    ^^^^
Did you mean?  use):
  
app/controllers/posts_controller.rb:5:in `<class:PostsController>'
app/controllers/posts_controller.rb:1:in `<main>'
Started GET "/users/1/posts/new" for ::1 at 2022-10-07 06:31:39 +0100
  
NameError (undefined local variable or method `params' for PostsController:Class

  @page = params.fetch(:page, 1)
          ^^^^^^):
  
app/controllers/posts_controller.rb:6:in `<class:PostsController>'
app/controllers/posts_controller.rb:1:in `<main>'
Started GET "/" for ::1 at 2022-10-07 06:31:51 +0100
Processing by UsersController#index as HTML
  Rendering layout layouts/application.html.erb
  Rendering users/index.html.erb within layouts/application
  [1m[36mUser Load (2.1ms)[0m  [1m[34mSELECT "users".* FROM "users" WHERE "users"."id" = $1 ORDER BY "users"."id" ASC LIMIT $2[0m  [["id", 1], ["LIMIT", 1]]
  ↳ app/views/users/index.html.erb:1
  [1m[36mUser Load (0.4ms)[0m  [1m[34mSELECT "users".* FROM "users"[0m
  ↳ app/views/users/index.html.erb:2
  Rendered users/index.html.erb within layouts/application (Duration: 139.4ms | Allocations: 9610)
  Rendered partials/_header.html.erb (Duration: 9.7ms | Allocations: 393)
  Rendered layout layouts/application.html.erb (Duration: 226.1ms | Allocations: 24606)
Completed 200 OK in 238ms (Views: 227.8ms | ActiveRecord: 32.2ms | Allocations: 26266)


Started GET "/users/1/posts/new" for ::1 at 2022-10-07 06:31:56 +0100
  
NameError (undefined local variable or method `params' for PostsController:Class

  @page = params.fetch(:page, 1)
          ^^^^^^):
  
app/controllers/posts_controller.rb:6:in `<class:PostsController>'
app/controllers/posts_controller.rb:1:in `<main>'
Started GET "/users/1/posts/new" for ::1 at 2022-10-07 06:32:38 +0100
  
NameError (undefined local variable or method `params' for PostsController:Class

  puts params
       ^^^^^^):
  
app/controllers/posts_controller.rb:5:in `<class:PostsController>'
app/controllers/posts_controller.rb:1:in `<main>'
Started GET "/users/1/posts/new" for ::1 at 2022-10-07 06:32:59 +0100
  
NameError (undefined local variable or method `params' for PostsController:Class

  @user = User.find(params[:user_id])
                    ^^^^^^):
  
app/controllers/posts_controller.rb:6:in `<class:PostsController>'
app/controllers/posts_controller.rb:1:in `<main>'
Started GET "/users/1/posts/new" for ::1 at 2022-10-07 06:35:27 +0100
  
NameError (undefined local variable or method `params' for PostsController:Class

  @user = User.find(params[:user_id])
                    ^^^^^^):
  
app/controllers/posts_controller.rb:6:in `<class:PostsController>'
app/controllers/posts_controller.rb:1:in `<main>'
Started GET "/users/1/posts/new" for ::1 at 2022-10-07 06:37:53 +0100
  [1m[36mUser Load (0.4ms)[0m  [1m[34mSELECT "users".* FROM "users" WHERE "users"."id" = $1 LIMIT $2[0m  [["id", 1], ["LIMIT", 1]]
  ↳ app/controllers/posts_controller.rb:5:in `<class:PostsController>'
  
NameError (undefined local variable or method `params' for PostsController:Class

  @page = params.fetch(:page, 1)
          ^^^^^^):
  
app/controllers/posts_controller.rb:6:in `<class:PostsController>'
app/controllers/posts_controller.rb:1:in `<main>'
Started GET "/users/1/posts/new" for ::1 at 2022-10-07 06:38:31 +0100
  
NameError (undefined local variable or method `params' for PostsController:Class

  @user = User.find(params[:user_id])
                    ^^^^^^):
  
app/controllers/posts_controller.rb:5:in `<class:PostsController>'
app/controllers/posts_controller.rb:1:in `<main>'
Started GET "/" for ::1 at 2022-10-07 06:43:34 +0100
Processing by UsersController#index as HTML
  Rendering layout layouts/application.html.erb
  Rendering users/index.html.erb within layouts/application
  [1m[36mUser Load (2.8ms)[0m  [1m[34mSELECT "users".* FROM "users" WHERE "users"."id" = $1 ORDER BY "users"."id" ASC LIMIT $2[0m  [["id", 1], ["LIMIT", 1]]
  ↳ app/views/users/index.html.erb:1
  [1m[36mUser Load (0.5ms)[0m  [1m[34mSELECT "users".* FROM "users"[0m
  ↳ app/views/users/index.html.erb:2
  Rendered users/index.html.erb within layouts/application (Duration: 214.0ms | Allocations: 9615)
  Rendered partials/_header.html.erb (Duration: 0.6ms | Allocations: 393)
  Rendered layout layouts/application.html.erb (Duration: 324.3ms | Allocations: 24612)
Completed 200 OK in 334ms (Views: 326.5ms | ActiveRecord: 46.9ms | Allocations: 26271)


Started GET "/users/1" for ::1 at 2022-10-07 06:43:37 +0100
Processing by UsersController#show as HTML
  Parameters: {"id"=>"1"}
  [1m[36mUser Load (0.5ms)[0m  [1m[34mSELECT "users".* FROM "users" WHERE "users"."id" = $1 ORDER BY "users"."id" ASC LIMIT $2[0m  [["id", 1], ["LIMIT", 1]]
  [1m[36mUser Load (0.3ms)[0m  [1m[34mSELECT "users".* FROM "users" WHERE "users"."id" = $1 LIMIT $2[0m  [["id", 1], ["LIMIT", 1]]
  ↳ app/controllers/users_controller.rb:9:in `show'
  Rendering layout layouts/application.html.erb
  Rendering users/show.html.erb within layouts/application
  Rendered partials/_user_display.html.erb (Duration: 0.1ms | Allocations: 18)
  [1m[36mPost Load (1.7ms)[0m  [1m[34mSELECT "posts".* FROM "posts" WHERE "posts"."author_id" = $1 ORDER BY "posts"."created_at" DESC LIMIT $2[0m  [["author_id", 1], ["LIMIT", 3]]
  ↳ app/models/user.rb:13:in `recent_posts'
  Rendered users/show.html.erb within layouts/application (Duration: 13.0ms | Allocations: 3992)
  Rendered partials/_header.html.erb (Duration: 0.9ms | Allocations: 404)
  Rendered layout layouts/application.html.erb (Duration: 24.7ms | Allocations: 6879)
Completed 200 OK in 34ms (Views: 22.3ms | ActiveRecord: 3.8ms | Allocations: 9781)


Started GET "/users/1/posts/new" for ::1 at 2022-10-07 06:45:40 +0100
Processing by PostsController#new as HTML
  Parameters: {"user_id"=>"1"}
  [1m[36mUser Load (0.4ms)[0m  [1m[34mSELECT "users".* FROM "users" WHERE "users"."id" = $1 ORDER BY "users"."id" ASC LIMIT $2[0m  [["id", 1], ["LIMIT", 1]]
  [1m[36mUser Load (0.5ms)[0m  [1m[34mSELECT "users".* FROM "users" WHERE "users"."id" = $1 LIMIT $2[0m  [["id", 1], ["LIMIT", 1]]
  ↳ app/controllers/posts_controller.rb:16:in `new'
  [1m[36mPost Load (0.4ms)[0m  [1m[34mSELECT "posts".* FROM "posts" WHERE "posts"."author_id" = $1[0m  [["author_id", 1]]
  ↳ app/controllers/posts_controller.rb:18:in `new'
  Rendering layout layouts/application.html.erb
  Rendering posts/new.html.erb within layouts/application
  Rendered posts/new.html.erb within layouts/application (Duration: 2.9ms | Allocations: 1020)
  Rendered partials/_header.html.erb (Duration: 0.6ms | Allocations: 394)
  Rendered layout layouts/application.html.erb (Duration: 31.9ms | Allocations: 15985)
Completed 200 OK in 105ms (Views: 37.5ms | ActiveRecord: 8.5ms | Allocations: 33176)


Started POST "/users/1/posts" for ::1 at 2022-10-07 06:45:50 +0100
Processing by PostsController#create as TURBO_STREAM
  Parameters: {"authenticity_token"=>"[FILTERED]", "user_posts"=>{"title"=>"l;lskdnl", "text"=>"ld;ksl"}, "commit"=>"Create Post", "user_id"=>"1"}
  [1m[36mUser Load (0.4ms)[0m  [1m[34mSELECT "users".* FROM "users" WHERE "users"."id" = $1 ORDER BY "users"."id" ASC LIMIT $2[0m  [["id", 1], ["LIMIT", 1]]
  [1m[36mUser Load (0.4ms)[0m  [1m[34mSELECT "users".* FROM "users" WHERE "users"."id" = $1 LIMIT $2[0m  [["id", 1], ["LIMIT", 1]]
  ↳ app/controllers/posts_controller.rb:27:in `create'
  [1m[36mPost Load (0.5ms)[0m  [1m[34mSELECT "posts".* FROM "posts" WHERE "posts"."author_id" = $1[0m  [["author_id", 1]]
  ↳ app/controllers/posts_controller.rb:29:in `create'
  [1m[36mTRANSACTION (0.2ms)[0m  [1m[35mBEGIN[0m
  ↳ app/controllers/posts_controller.rb:36:in `block (2 levels) in create'
  [1m[36mPost Create (1.5ms)[0m  [1m[32mINSERT INTO "posts" ("title", "text", "comments_counter", "likes_counter", "created_at", "updated_at", "author_id") VALUES ($1, $2, $3, $4, $5, $6, $7) RETURNING "id"[0m  [["title", "l;lskdnl"], ["text", "ld;ksl"], ["comments_counter", 0], ["likes_counter", 0], ["created_at", "2022-10-07 05:45:50.426251"], ["updated_at", "2022-10-07 05:45:50.426251"], ["author_id", 1]]
  ↳ app/controllers/posts_controller.rb:36:in `block (2 levels) in create'
  [1m[36mPost Count (2.3ms)[0m  [1m[34mSELECT COUNT(*) FROM "posts" WHERE "posts"."author_id" = $1[0m  [["author_id", 1]]
  ↳ app/models/post.rb:16:in `update_user_counter'
  [1m[36mUser Update (0.5ms)[0m  [1m[33mUPDATE "users" SET "updated_at" = $1, "post_counter" = $2 WHERE "users"."id" = $3[0m  [["updated_at", "2022-10-07 05:45:50.438781"], ["post_counter", 1], ["id", 1]]
  ↳ app/models/post.rb:16:in `update_user_counter'
  [1m[36mTRANSACTION (0.8ms)[0m  [1m[35mCOMMIT[0m
  ↳ app/controllers/posts_controller.rb:36:in `block (2 levels) in create'
Redirected to http://localhost:3000/users/1
Completed 302 Found in 46ms (ActiveRecord: 6.7ms | Allocations: 9184)


Started GET "/users/1" for ::1 at 2022-10-07 06:45:50 +0100
Processing by UsersController#show as TURBO_STREAM
  Parameters: {"id"=>"1"}
  [1m[36mUser Load (0.4ms)[0m  [1m[34mSELECT "users".* FROM "users" WHERE "users"."id" = $1 ORDER BY "users"."id" ASC LIMIT $2[0m  [["id", 1], ["LIMIT", 1]]
  [1m[36mUser Load (0.4ms)[0m  [1m[34mSELECT "users".* FROM "users" WHERE "users"."id" = $1 LIMIT $2[0m  [["id", 1], ["LIMIT", 1]]
  ↳ app/controllers/users_controller.rb:9:in `show'
  Rendering layout layouts/application.html.erb
  Rendering users/show.html.erb within layouts/application
  Rendered partials/_user_display.html.erb (Duration: 0.1ms | Allocations: 25)
  [1m[36mPost Load (0.5ms)[0m  [1m[34mSELECT "posts".* FROM "posts" WHERE "posts"."author_id" = $1 ORDER BY "posts"."created_at" DESC LIMIT $2[0m  [["author_id", 1], ["LIMIT", 3]]
  ↳ app/models/user.rb:13:in `recent_posts'
  [1m[36mCACHE Post Load (0.0ms)[0m  [1m[34mSELECT "posts".* FROM "posts" WHERE "posts"."author_id" = $1 ORDER BY "posts"."created_at" DESC LIMIT $2[0m  [["author_id", 1], ["LIMIT", 3]]
  ↳ app/models/user.rb:13:in `recent_posts'
  Rendered users/show.html.erb within layouts/application (Duration: 4.8ms | Allocations: 2103)
  Rendered partials/_header.html.erb (Duration: 0.6ms | Allocations: 401)
  Rendered layout layouts/application.html.erb (Duration: 11.8ms | Allocations: 5050)
Completed 200 OK in 22ms (Views: 13.0ms | ActiveRecord: 1.3ms | Allocations: 8020)


Started GET "/" for ::1 at 2022-10-07 06:45:55 +0100
Processing by UsersController#index as HTML
  Rendering layout layouts/application.html.erb
  Rendering users/index.html.erb within layouts/application
  [1m[36mUser Load (0.3ms)[0m  [1m[34mSELECT "users".* FROM "users" WHERE "users"."id" = $1 ORDER BY "users"."id" ASC LIMIT $2[0m  [["id", 1], ["LIMIT", 1]]
  ↳ app/views/users/index.html.erb:1
  [1m[36mUser Load (0.4ms)[0m  [1m[34mSELECT "users".* FROM "users"[0m
  ↳ app/views/users/index.html.erb:2
  Rendered users/index.html.erb within layouts/application (Duration: 5.4ms | Allocations: 1876)
  Rendered partials/_header.html.erb (Duration: 0.8ms | Allocations: 356)
  Rendered layout layouts/application.html.erb (Duration: 15.3ms | Allocations: 4584)
Completed 200 OK in 20ms (Views: 15.4ms | ActiveRecord: 0.7ms | Allocations: 4900)


Started DELETE "/users/sign_out" for ::1 at 2022-10-07 06:46:27 +0100
Processing by Devise::SessionsController#destroy as TURBO_STREAM
  Parameters: {"authenticity_token"=>"[FILTERED]"}
  [1m[36mUser Load (0.3ms)[0m  [1m[34mSELECT "users".* FROM "users" WHERE "users"."id" = $1 ORDER BY "users"."id" ASC LIMIT $2[0m  [["id", 1], ["LIMIT", 1]]
Redirected to http://localhost:3000/
Completed 302 Found in 8ms (ActiveRecord: 0.3ms | Allocations: 2506)


Started GET "/" for ::1 at 2022-10-07 06:46:27 +0100
Processing by UsersController#index as TURBO_STREAM
  Rendering layout layouts/application.html.erb
  Rendering users/index.html.erb within layouts/application
  Rendered users/index.html.erb within layouts/application (Duration: 0.6ms | Allocations: 264)
  Rendered partials/_header.html.erb (Duration: 0.4ms | Allocations: 185)
  Rendered layout layouts/application.html.erb (Duration: 8.8ms | Allocations: 2940)
Completed 200 OK in 12ms (Views: 9.4ms | ActiveRecord: 0.0ms | Allocations: 3273)


Started GET "/" for ::1 at 2022-10-07 06:46:29 +0100
Processing by UsersController#index as HTML
  Rendering layout layouts/application.html.erb
  Rendering users/index.html.erb within layouts/application
  Rendered users/index.html.erb within layouts/application (Duration: 0.5ms | Allocations: 264)
  Rendered partials/_header.html.erb (Duration: 0.3ms | Allocations: 174)
  Rendered layout layouts/application.html.erb (Duration: 7.0ms | Allocations: 2789)
Completed 200 OK in 10ms (Views: 7.5ms | ActiveRecord: 0.0ms | Allocations: 3083)


Started GET "/users/sign_up" for ::1 at 2022-10-07 06:46:31 +0100
Processing by Devise::RegistrationsController#new as HTML
  Rendering layout layouts/application.html.erb
  Rendering devise/registrations/new.html.erb within layouts/application
  Rendered devise/shared/_error_messages.html.erb (Duration: 0.1ms | Allocations: 19)
  Rendered devise/registrations/new.html.erb within layouts/application (Duration: 1.9ms | Allocations: 1092)
  Rendered partials/_header.html.erb (Duration: 0.4ms | Allocations: 229)
  Rendered layout layouts/application.html.erb (Duration: 9.9ms | Allocations: 3861)
Completed 200 OK in 15ms (Views: 11.4ms | ActiveRecord: 0.0ms | Allocations: 5057)


Started GET "/users/sign_in" for ::1 at 2022-10-07 06:46:32 +0100
Processing by Devise::SessionsController#new as HTML
  Rendering layout layouts/application.html.erb
  Rendering devise/sessions/new.html.erb within layouts/application
  Rendered devise/sessions/new.html.erb within layouts/application (Duration: 2.4ms | Allocations: 961)
  Rendered partials/_header.html.erb (Duration: 0.5ms | Allocations: 229)
  Rendered layout layouts/application.html.erb (Duration: 12.7ms | Allocations: 3734)
Completed 200 OK in 18ms (Views: 14.6ms | ActiveRecord: 0.0ms | Allocations: 4778)


Started GET "/" for ::1 at 2022-10-07 06:46:33 +0100
Processing by UsersController#index as HTML
  Rendering layout layouts/application.html.erb
  Rendering users/index.html.erb within layouts/application
  Rendered users/index.html.erb within layouts/application (Duration: 0.5ms | Allocations: 296)
  Rendered partials/_header.html.erb (Duration: 0.4ms | Allocations: 174)
  Rendered layout layouts/application.html.erb (Duration: 7.3ms | Allocations: 2822)
Completed 200 OK in 10ms (Views: 7.7ms | ActiveRecord: 0.0ms | Allocations: 3140)


Started GET "/" for ::1 at 2022-10-07 07:17:13 +0100
  [1m[36mActiveRecord::SchemaMigration Pluck (2.7ms)[0m  [1m[34mSELECT "schema_migrations"."version" FROM "schema_migrations" ORDER BY "schema_migrations"."version" ASC[0m
Processing by UsersController#index as HTML
  Rendering layout layouts/application.html.erb
  Rendering users/index.html.erb within layouts/application
  Rendered users/index.html.erb within layouts/application (Duration: 21.4ms | Allocations: 870)
  Rendered partials/_header.html.erb (Duration: 19.4ms | Allocations: 572)
  Rendered layout layouts/application.html.erb (Duration: 537.4ms | Allocations: 39887)
Completed 200 OK in 676ms (Views: 574.6ms | ActiveRecord: 0.0ms | Allocations: 44760)


Started GET "/users/sign_in" for ::1 at 2022-10-07 07:17:19 +0100
Processing by Devise::SessionsController#new as HTML
  Rendering layout layouts/application.html.erb
  Rendering devise/sessions/new.html.erb within layouts/application
  Rendered devise/sessions/new.html.erb within layouts/application (Duration: 183.2ms | Allocations: 4483)
  Rendered partials/_header.html.erb (Duration: 0.4ms | Allocations: 234)
  Rendered layout layouts/application.html.erb (Duration: 189.3ms | Allocations: 7283)
Completed 200 OK in 247ms (Views: 195.8ms | ActiveRecord: 10.7ms | Allocations: 18555)


Started POST "/users/sign_in" for ::1 at 2022-10-07 07:17:26 +0100
Processing by Devise::SessionsController#create as TURBO_STREAM
  Parameters: {"authenticity_token"=>"[FILTERED]", "user"=>{"email"=>"chuma.achike@unn.edu.ng", "password"=>"[FILTERED]", "remember_me"=>"0"}, "commit"=>"Log in"}
  [1m[36mUser Load (5.8ms)[0m  [1m[34mSELECT "users".* FROM "users" WHERE "users"."email" = $1 ORDER BY "users"."id" ASC LIMIT $2[0m  [["email", "chuma.achike@unn.edu.ng"], ["LIMIT", 1]]
Redirected to http://localhost:3000/
Completed 302 Found in 475ms (ActiveRecord: 6.0ms | Allocations: 6185)


Started GET "/" for ::1 at 2022-10-07 07:17:27 +0100
Processing by UsersController#index as TURBO_STREAM
  Rendering layout layouts/application.html.erb
  Rendering users/index.html.erb within layouts/application
  [1m[36mUser Load (0.4ms)[0m  [1m[34mSELECT "users".* FROM "users" WHERE "users"."id" = $1 ORDER BY "users"."id" ASC LIMIT $2[0m  [["id", 1], ["LIMIT", 1]]
  ↳ app/views/users/index.html.erb:1
  [1m[36mUser Load (0.4ms)[0m  [1m[34mSELECT "users".* FROM "users"[0m
  ↳ app/views/users/index.html.erb:2
  Rendered users/index.html.erb within layouts/application (Duration: 5.2ms | Allocations: 2073)
  Rendered partials/_header.html.erb (Duration: 0.5ms | Allocations: 389)
  Rendered layout layouts/application.html.erb (Duration: 12.8ms | Allocations: 4988)
Completed 200 OK in 16ms (Views: 12.6ms | ActiveRecord: 0.7ms | Allocations: 5377)


Started GET "/" for ::1 at 2022-10-07 07:23:10 +0100
  [1m[36mActiveRecord::SchemaMigration Pluck (1.6ms)[0m  [1m[34mSELECT "schema_migrations"."version" FROM "schema_migrations" ORDER BY "schema_migrations"."version" ASC[0m
Processing by UsersController#index as HTML
  Rendering layout layouts/application.html.erb
  Rendering users/index.html.erb within layouts/application
  [1m[36mUser Load (2.4ms)[0m  [1m[34mSELECT "users".* FROM "users" WHERE "users"."id" = $1 ORDER BY "users"."id" ASC LIMIT $2[0m  [["id", 1], ["LIMIT", 1]]
  ↳ app/views/users/index.html.erb:1
  [1m[36mUser Load (0.3ms)[0m  [1m[34mSELECT "users".* FROM "users"[0m
  ↳ app/views/users/index.html.erb:2
  Rendered users/index.html.erb within layouts/application (Duration: 31.0ms | Allocations: 14410)
  Rendered partials/_header.html.erb (Duration: 1.0ms | Allocations: 717)
  Rendered layout layouts/application.html.erb (Duration: 92.7ms | Allocations: 52338)
Completed 200 OK in 117ms (Views: 92.1ms | ActiveRecord: 7.9ms | Allocations: 57200)


